#
# A fatal error has been detected by the Java Runtime Environment:
#
#  SIGFPE (0x8) at pc=0x00000001177a2168, pid=28524, tid=7939
#
# JRE version: OpenJDK Runtime Environment (15.0.2+7) (build 15.0.2+7-27)
# Java VM: OpenJDK 64-Bit Server VM (15.0.2+7-27, mixed mode, sharing, tiered, compressed oops, g1 gc, bsd-amd64)
# Problematic frame:
# j  O.main([Ljava/lang/String;)V+63
#
# No core dump will be written. Core dumps have been disabled. To enable core dumping, try "ulimit -c unlimited" before starting Java again
#
# If you would like to submit a bug report, please visit:
#   https://bugreport.java.com/bugreport/crash.jsp
#

---------------  S U M M A R Y ------------

Command Line: -Dfile.encoding=UTF-8 -XX:+ShowCodeDetailsInExceptionMessages O

Host: MacBookAir10,1 x86_64 2400 MHz, 8 cores, 16G, Darwin 20.3.0
Time: Wed May 26 01:02:02 2021 CEST elapsed time: 0.065429 seconds (0d 0h 0m 0s)

---------------  T H R E A D  ---------------

Current thread (0x00007fba0e008e00):  JavaThread "main" [_thread_in_Java, id=7939, stack(0x00000003053a8000,0x00000003054a8000)]

Stack: [0x00000003053a8000,0x00000003054a8000],  sp=0x00000003054a7ab8,  free space=1022k
Native frames: (J=compiled Java code, A=aot compiled Java code, j=interpreted, Vv=VM code, C=native code)
j  O.main([Ljava/lang/String;)V+63
v  ~StubRoutines::call_stub
V  [libjvm.dylib+0x4ae582]  JavaCalls::call_helper(JavaValue*, methodHandle const&, JavaCallArguments*, Thread*)+0x2e2
V  [libjvm.dylib+0x50f169]  jni_invoke_static(JNIEnv_*, JavaValue*, _jobject*, JNICallType, _jmethodID*, JNI_ArgumentPusher*, Thread*)+0x1f9
V  [libjvm.dylib+0x51290e]  jni_CallStaticVoidMethod+0x19e
C  [libjli.dylib+0x4f3d]  JavaMain+0xc1d
C  [libjli.dylib+0x7659]  ThreadJavaMain+0x9
C  [libsystem_pthread.dylib+0x6950]  _pthread_start+0xe0
C  [libsystem_pthread.dylib+0x247b]  thread_start+0xf


siginfo: si_signo: 8 (SIGFPE), si_code: 5 (FPE_FLTINV), si_addr: 0x00000001177a2168

Register to memory mapping:

RAX=0x0000000000000001 is an unknown value
RBX=0x000000000000006c is an unknown value
RCX=0x0 is NULL
RDX=0x0 is NULL
RSP=0x00000003054a7ab8 is pointing into the stack for thread: 0x00007fba0e008e00
RBP=0x00000003054a7b08 is pointing into the stack for thread: 0x00007fba0e008e00
RSI=0x00000003054a7a48 is pointing into the stack for thread: 0x00007fba0e008e00
RDI=0x0000000000000001 is an unknown value
R8 ={method} {0x000000080008a018} 'clear' '()Ljava/nio/Buffer;' in 'java/nio/Buffer'
R9 =0x00007fba0ce04bc0 points into unknown readable memory: 0x00000001323905d0 | d0 05 39 32 01 00 00 00
R10=0x000000010dc4b9c0: _ZN19TemplateInterpreter13_active_tableE+0x2000 in /Users/TianyangHuang/Library/Java/JavaVirtualMachines/openjdk-15.0.2/Contents/Home/lib/server/libjvm.dylib at 0x000000010d000000
R11={method} {0x0000000800118950} 'putDouble' '(D)Ljava/nio/ByteBuffer;' in 'java/nio/ByteBuffer'
R12=0x0 is NULL
R13=0x0000000132390573 is pointing into metadata
R14=0x00000003054a7b38 is pointing into the stack for thread: 0x00007fba0e008e00
R15=0x00007fba0e008e00 is a thread


Registers:
RAX=0x0000000000000001, RBX=0x000000000000006c, RCX=0x0000000000000000, RDX=0x0000000000000000
RSP=0x00000003054a7ab8, RBP=0x00000003054a7b08, RSI=0x00000003054a7a48, RDI=0x0000000000000001
R8 =0x000000080008a018, R9 =0x00007fba0ce04bc0, R10=0x000000010dc4b9c0, R11=0x0000000800118950
R12=0x0000000000000000, R13=0x0000000132390573, R14=0x00000003054a7b38, R15=0x00007fba0e008e00
RIP=0x00000001177a2168, EFLAGS=0x0000000000000a83, ERR=0x0000000000000000
  TRAPNO=0x0000000000000000

Top of Stack: (sp=0x00000003054a7ab8)
0x00000003054a7ab8:   000000070fe07dc0 00000003054a7ac0
0x00000003054a7ac8:   0000000132390567 00000003054a7b38
0x00000003054a7ad8:   00000001323906d0 0000000000000000
0x00000003054a7ae8:   000000070fe44360 00000001323905d0
0x00000003054a7af8:   0000000000000000 00000003054a7b38
0x00000003054a7b08:   00000003054a7ba0 000000011778e947
0x00000003054a7b18:   0000000000000000 000000070fe449e8
0x00000003054a7b28:   000000070fe449d8 0000000000000000
0x00000003054a7b38:   000000070fe449c8 5a07222b00001fa0
0x00000003054a7b48:   00007fba0e008e00 00000003054a7ce0
0x00000003054a7b58:   00000003054a7e90 00000003054a7cc8
0x00000003054a7b68:   0000000000000001 00000003054a7bf8
0x00000003054a7b78:   00000003054a7e98 000000000000000a
0x00000003054a7b88:   00000001323905d0 000000011779bf40
0x00000003054a7b98:   00000003054a7ce8 00000003054a7c80
0x00000003054a7ba8:   000000010d4ae582 0000000000000001
0x00000003054a7bb8:   00007fba0e008e00 00007fba0e008e00
0x00000003054a7bc8:   00007fba0ce04680 00007fba0ce04e70
0x00000003054a7bd8:   00007fba0ce04e80 00007fba0ce04f58
0x00000003054a7be8:   00000000000000d8 00007fba0ce046c0
0x00000003054a7bf8:   00007fba0e008e00 00007fba0ce05980
0x00000003054a7c08:   00000001323905d0 0000000000000000
0x00000003054a7c18:   0000000000000000 0000000000000000
0x00000003054a7c28:   0000000000000000 00000003054a7e90
0x00000003054a7c38:   0000000200b6be7d 000000011779bf40
0x00000003054a7c48:   000000000000000f 0000000a0e008e00
0x00000003054a7c58:   00007fba0e008e00 0000000000000008
0x00000003054a7c68:   00000003054a7e90 00007fba0ce04930
0x00000003054a7c78:   00000003054a7ce0 00000003054a7d90
0x00000003054a7c88:   000000010d50f169 00007fba0ce04f60
0x00000003054a7c98:   00007fba0ce04f70 00007fba0e008e00
0x00000003054a7ca8:   00000003054a7e50 00007fba0ce05348 

Instructions: (pc=0x00000001177a2168)
0x00000001177a2068:   84 be a7 0d 01 00 00 00 6a 00 00 00 00 00 00 00
0x00000001177a2078:   00 00 00 00 00 00 00 00 f3 0f 10 04 24 48 83 c4
0x00000001177a2088:   08 f3 0f 59 04 24 48 83 c4 08 41 0f b6 5d 01 49
0x00000001177a2098:   ff c5 49 ba c0 c9 c4 0d 01 00 00 00 41 ff 24 da
0x00000001177a20a8:   00 00 00 00 00 00 00 00 00 00 00 00 00 00 00 00
0x00000001177a20b8:   00 00 00 00 00 00 00 00 60 00 00 00 00 00 00 00
0x00000001177a20c8:   89 be a7 0d 01 00 00 00 6b 00 00 00 00 00 00 00
0x00000001177a20d8:   00 00 00 00 00 00 00 00 f2 0f 10 04 24 48 83 c4
0x00000001177a20e8:   10 f2 0f 59 04 24 48 83 c4 10 41 0f b6 5d 01 49
0x00000001177a20f8:   ff c5 49 ba c0 d1 c4 0d 01 00 00 00 41 ff 24 da
0x00000001177a2108:   00 00 00 00 00 00 00 00 00 00 00 00 00 00 00 00
0x00000001177a2118:   00 00 00 00 00 00 00 00 60 00 00 00 00 00 00 00
0x00000001177a2128:   8e be a7 0d 01 00 00 00 6c 00 00 00 00 00 00 00
0x00000001177a2138:   00 00 00 00 00 00 00 00 8b 04 24 48 83 c4 08 8b
0x00000001177a2148:   c8 8b 04 24 48 83 c4 08 81 f8 00 00 00 80 0f 85
0x00000001177a2158:   0b 00 00 00 33 d2 83 f9 ff 0f 84 03 00 00 00 99
0x00000001177a2168:   f7 f9 41 0f b6 5d 01 49 ff c5 49 ba c0 b9 c4 0d
0x00000001177a2178:   01 00 00 00 41 ff 24 da 80 00 00 00 00 00 00 00
0x00000001177a2188:   93 be a7 0d 01 00 00 00 6d 00 00 00 00 00 00 00
0x00000001177a2198:   00 00 00 00 00 00 00 00 48 8b 04 24 48 83 c4 10
0x00000001177a21a8:   48 8b c8 48 8b 04 24 48 83 c4 10 48 85 c9 0f 84
0x00000001177a21b8:   73 9a ff ff 48 3b 05 8d 49 35 f6 0f 85 0c 00 00
0x00000001177a21c8:   00 33 d2 48 83 f9 ff 0f 84 05 00 00 00 48 99 48
0x00000001177a21d8:   f7 f9 41 0f b6 5d 01 49 ff c5 49 ba c0 c1 c4 0d
0x00000001177a21e8:   01 00 00 00 41 ff 24 da 00 00 00 00 00 00 00 00
0x00000001177a21f8:   00 00 00 00 00 00 00 00 60 00 00 00 00 00 00 00
0x00000001177a2208:   98 be a7 0d 01 00 00 00 6e 00 00 00 00 00 00 00
0x00000001177a2218:   00 00 00 00 00 00 00 00 f3 0f 10 04 24 48 83 c4
0x00000001177a2228:   08 0f 28 c8 f3 0f 10 04 24 48 83 c4 08 f3 0f 5e
0x00000001177a2238:   c1 41 0f b6 5d 01 49 ff c5 49 ba c0 c9 c4 0d 01
0x00000001177a2248:   00 00 00 41 ff 24 da 90 00 00 00 00 00 00 00 00
0x00000001177a2258:   00 00 00 00 00 00 00 00 60 00 00 00 00 00 00 00 


Stack slot to memory mapping:
stack at sp + 0 slots: 0x000000070fe07dc0 is an oop: java.io.PrintStream 
{0x000000070fe07dc0} - klass: 'java/io/PrintStream'
stack at sp + 1 slots: 0x00000003054a7ac0 is pointing into the stack for thread: 0x00007fba0e008e00
stack at sp + 2 slots: 0x0000000132390567 is pointing into metadata
stack at sp + 3 slots: 0x00000003054a7b38 is pointing into the stack for thread: 0x00007fba0e008e00
stack at sp + 4 slots: 0x00000001323906d0 is pointing into metadata
stack at sp + 5 slots: 0x0 is NULL
stack at sp + 6 slots: 0x000000070fe44360 is an oop: java.lang.Class 
{0x000000070fe44360} - klass: 'java/lang/Class'
stack at sp + 7 slots: {method} {0x00000001323905d0} 'main' '([Ljava/lang/String;)V' in 'O'

idiv  108 idiv  [0x00000001177a2140, 0x00000001177a2180]  64 bytes
[MachCode]
  0x00000001177a2140: 8b04 2448 | 83c4 088b | c88b 0424 | 4883 c408 | 81f8 0000 | 0080 0f85 | 0b00 0000 | 33d2 83f9 
  0x00000001177a2160: ff0f 8403 | 0000 0099 | f7f9 410f | b65d 0149 | ffc5 49ba | c0b9 c40d | 0100 0000 | 41ff 24da 
[/MachCode]

---------------  P R O C E S S  ---------------

Threads class SMR info:
_java_thread_list=0x00007fba0ce33a60, length=10, elements={
0x00007fba0e008e00, 0x00007fba0e009e00, 0x00007fba0d0fd000, 0x00007fba0d0fd600,
0x00007fba0d0fdc00, 0x00007fba0d0fe200, 0x00007fba0e027a00, 0x00007fba0e027400,
0x00007fba0e029000, 0x00007fba0d809c00
}

Java Threads: ( => current thread )
=>0x00007fba0e008e00 JavaThread "main" [_thread_in_Java, id=7939, stack(0x00000003053a8000,0x00000003054a8000)]
  0x00007fba0e009e00 JavaThread "Reference Handler" daemon [_thread_blocked, id=14851, stack(0x0000000305abd000,0x0000000305bbd000)]
  0x00007fba0d0fd000 JavaThread "Finalizer" daemon [_thread_blocked, id=42499, stack(0x0000000305bc0000,0x0000000305cc0000)]
  0x00007fba0d0fd600 JavaThread "Signal Dispatcher" daemon [_thread_blocked, id=24579, stack(0x0000000305dd3000,0x0000000305ed3000)]
  0x00007fba0d0fdc00 JavaThread "Service Thread" daemon [_thread_blocked, id=25091, stack(0x0000000305ed6000,0x0000000305fd6000)]
  0x00007fba0d0fe200 JavaThread "C2 CompilerThread0" daemon [_thread_blocked, id=39683, stack(0x0000000305fd9000,0x00000003060d9000)]
  0x00007fba0e027a00 JavaThread "C1 CompilerThread0" daemon [_thread_blocked, id=26115, stack(0x00000003060dc000,0x00000003061dc000)]
  0x00007fba0e027400 JavaThread "Sweeper thread" daemon [_thread_blocked, id=26627, stack(0x00000003061df000,0x00000003062df000)]
  0x00007fba0e029000 JavaThread "Notification Thread" daemon [_thread_blocked, id=38147, stack(0x00000003062e2000,0x00000003063e2000)]
  0x00007fba0d809c00 JavaThread "Common-Cleaner" daemon [_thread_blocked, id=28163, stack(0x00000003064e8000,0x00000003065e8000)]

Other Threads:
  0x00007fba0cc50770 VMThread "VM Thread" [stack: 0x00000003059ba000,0x0000000305aba000] [id=15619]
  0x00007fba0ce32a00 WatcherThread [stack: 0x00000003063e5000,0x00000003064e5000] [id=37643]
  0x00007fba0cc28150 GCTaskThread "GC Thread#0" [stack: 0x00000003054ab000,0x00000003055ab000] [id=17667]
  0x00007fba0ce09330 ConcurrentGCThread "G1 Main Marker" [stack: 0x00000003055ae000,0x00000003056ae000] [id=13315]
  0x00007fba0ce0a400 ConcurrentGCThread "G1 Conc#0" [stack: 0x00000003056b1000,0x00000003057b1000] [id=17411]
  0x00007fba0cc44b40 ConcurrentGCThread "G1 Refine#0" [stack: 0x00000003057b4000,0x00000003058b4000] [id=16643]
  0x00007fba0ce0b410 ConcurrentGCThread "G1 Young RemSet Sampling" [stack: 0x00000003058b7000,0x00000003059b7000] [id=16131]

Threads with active compile tasks:

VM state: not at safepoint (normal execution)

VM Mutex/Monitor currently owned by a thread: None

Heap address: 0x0000000700000000, size: 4096 MB, Compressed Oops mode: Zero based, Oop shift amount: 3
CDS archive(s) mapped at: [0x0000000800000000-0x0000000800b2b000-0x0000000800b2b000), size 11710464, SharedBaseAddress: 0x0000000800000000, ArchiveRelocationMode: 0.
Compressed class space mapped at: 0x0000000800b2c000-0x0000000840b2c000, size: 1073741824
Narrow klass base: 0x0000000800000000, Narrow klass shift: 3, Narrow klass range: 0x100000000

GC Precious Log:
 CPUs: 8 total, 8 available
 Memory: 16384M
 Large Page Support: Disabled
 NUMA Support: Disabled
 Compressed Oops: Enabled (Zero based)
 Heap Region Size: 2M
 Heap Min Capacity: 8M
 Heap Initial Capacity: 256M
 Heap Max Capacity: 4G
 Pre-touch: Disabled
 Parallel Workers: 8
 Concurrent Workers: 2
 Concurrent Refinement Workers: 8
 Periodic GC: Disabled

Heap:
 garbage-first heap   total 266240K, used 1832K [0x0000000700000000, 0x0000000800000000)
  region size 2048K, 1 young (2048K), 0 survivors (0K)
 Metaspace       used 146K, capacity 4486K, committed 4864K, reserved 1056768K
  class space    used 6K, capacity 386K, committed 512K, reserved 1048576K

Heap Regions: E=young(eden), S=young(survivor), O=old, HS=humongous(starts), HC=humongous(continues), CS=collection set, F=free, OA=open archive, CA=closed archive, TAMS=top-at-mark-start (previous, next)
|   0|0x0000000700000000, 0x0000000700000000, 0x0000000700200000|  0%| F|  |TAMS 0x0000000700000000, 0x0000000700000000| Untracked 
|   1|0x0000000700200000, 0x0000000700200000, 0x0000000700400000|  0%| F|  |TAMS 0x0000000700200000, 0x0000000700200000| Untracked 
|   2|0x0000000700400000, 0x0000000700400000, 0x0000000700600000|  0%| F|  |TAMS 0x0000000700400000, 0x0000000700400000| Untracked 
|   3|0x0000000700600000, 0x0000000700600000, 0x0000000700800000|  0%| F|  |TAMS 0x0000000700600000, 0x0000000700600000| Untracked 
|   4|0x0000000700800000, 0x0000000700800000, 0x0000000700a00000|  0%| F|  |TAMS 0x0000000700800000, 0x0000000700800000| Untracked 
|   5|0x0000000700a00000, 0x0000000700a00000, 0x0000000700c00000|  0%| F|  |TAMS 0x0000000700a00000, 0x0000000700a00000| Untracked 
|   6|0x0000000700c00000, 0x0000000700c00000, 0x0000000700e00000|  0%| F|  |TAMS 0x0000000700c00000, 0x0000000700c00000| Untracked 
|   7|0x0000000700e00000, 0x0000000700e00000, 0x0000000701000000|  0%| F|  |TAMS 0x0000000700e00000, 0x0000000700e00000| Untracked 
|   8|0x0000000701000000, 0x0000000701000000, 0x0000000701200000|  0%| F|  |TAMS 0x0000000701000000, 0x0000000701000000| Untracked 
|   9|0x0000000701200000, 0x0000000701200000, 0x0000000701400000|  0%| F|  |TAMS 0x0000000701200000, 0x0000000701200000| Untracked 
|  10|0x0000000701400000, 0x0000000701400000, 0x0000000701600000|  0%| F|  |TAMS 0x0000000701400000, 0x0000000701400000| Untracked 
|  11|0x0000000701600000, 0x0000000701600000, 0x0000000701800000|  0%| F|  |TAMS 0x0000000701600000, 0x0000000701600000| Untracked 
|  12|0x0000000701800000, 0x0000000701800000, 0x0000000701a00000|  0%| F|  |TAMS 0x0000000701800000, 0x0000000701800000| Untracked 
|  13|0x0000000701a00000, 0x0000000701a00000, 0x0000000701c00000|  0%| F|  |TAMS 0x0000000701a00000, 0x0000000701a00000| Untracked 
|  14|0x0000000701c00000, 0x0000000701c00000, 0x0000000701e00000|  0%| F|  |TAMS 0x0000000701c00000, 0x0000000701c00000| Untracked 
|  15|0x0000000701e00000, 0x0000000701e00000, 0x0000000702000000|  0%| F|  |TAMS 0x0000000701e00000, 0x0000000701e00000| Untracked 
|  16|0x0000000702000000, 0x0000000702000000, 0x0000000702200000|  0%| F|  |TAMS 0x0000000702000000, 0x0000000702000000| Untracked 
|  17|0x0000000702200000, 0x0000000702200000, 0x0000000702400000|  0%| F|  |TAMS 0x0000000702200000, 0x0000000702200000| Untracked 
|  18|0x0000000702400000, 0x0000000702400000, 0x0000000702600000|  0%| F|  |TAMS 0x0000000702400000, 0x0000000702400000| Untracked 
|  19|0x0000000702600000, 0x0000000702600000, 0x0000000702800000|  0%| F|  |TAMS 0x0000000702600000, 0x0000000702600000| Untracked 
|  20|0x0000000702800000, 0x0000000702800000, 0x0000000702a00000|  0%| F|  |TAMS 0x0000000702800000, 0x0000000702800000| Untracked 
|  21|0x0000000702a00000, 0x0000000702a00000, 0x0000000702c00000|  0%| F|  |TAMS 0x0000000702a00000, 0x0000000702a00000| Untracked 
|  22|0x0000000702c00000, 0x0000000702c00000, 0x0000000702e00000|  0%| F|  |TAMS 0x0000000702c00000, 0x0000000702c00000| Untracked 
|  23|0x0000000702e00000, 0x0000000702e00000, 0x0000000703000000|  0%| F|  |TAMS 0x0000000702e00000, 0x0000000702e00000| Untracked 
|  24|0x0000000703000000, 0x0000000703000000, 0x0000000703200000|  0%| F|  |TAMS 0x0000000703000000, 0x0000000703000000| Untracked 
|  25|0x0000000703200000, 0x0000000703200000, 0x0000000703400000|  0%| F|  |TAMS 0x0000000703200000, 0x0000000703200000| Untracked 
|  26|0x0000000703400000, 0x0000000703400000, 0x0000000703600000|  0%| F|  |TAMS 0x0000000703400000, 0x0000000703400000| Untracked 
|  27|0x0000000703600000, 0x0000000703600000, 0x0000000703800000|  0%| F|  |TAMS 0x0000000703600000, 0x0000000703600000| Untracked 
|  28|0x0000000703800000, 0x0000000703800000, 0x0000000703a00000|  0%| F|  |TAMS 0x0000000703800000, 0x0000000703800000| Untracked 
|  29|0x0000000703a00000, 0x0000000703a00000, 0x0000000703c00000|  0%| F|  |TAMS 0x0000000703a00000, 0x0000000703a00000| Untracked 
|  30|0x0000000703c00000, 0x0000000703c00000, 0x0000000703e00000|  0%| F|  |TAMS 0x0000000703c00000, 0x0000000703c00000| Untracked 
|  31|0x0000000703e00000, 0x0000000703e00000, 0x0000000704000000|  0%| F|  |TAMS 0x0000000703e00000, 0x0000000703e00000| Untracked 
|  32|0x0000000704000000, 0x0000000704000000, 0x0000000704200000|  0%| F|  |TAMS 0x0000000704000000, 0x0000000704000000| Untracked 
|  33|0x0000000704200000, 0x0000000704200000, 0x0000000704400000|  0%| F|  |TAMS 0x0000000704200000, 0x0000000704200000| Untracked 
|  34|0x0000000704400000, 0x0000000704400000, 0x0000000704600000|  0%| F|  |TAMS 0x0000000704400000, 0x0000000704400000| Untracked 
|  35|0x0000000704600000, 0x0000000704600000, 0x0000000704800000|  0%| F|  |TAMS 0x0000000704600000, 0x0000000704600000| Untracked 
|  36|0x0000000704800000, 0x0000000704800000, 0x0000000704a00000|  0%| F|  |TAMS 0x0000000704800000, 0x0000000704800000| Untracked 
|  37|0x0000000704a00000, 0x0000000704a00000, 0x0000000704c00000|  0%| F|  |TAMS 0x0000000704a00000, 0x0000000704a00000| Untracked 
|  38|0x0000000704c00000, 0x0000000704c00000, 0x0000000704e00000|  0%| F|  |TAMS 0x0000000704c00000, 0x0000000704c00000| Untracked 
|  39|0x0000000704e00000, 0x0000000704e00000, 0x0000000705000000|  0%| F|  |TAMS 0x0000000704e00000, 0x0000000704e00000| Untracked 
|  40|0x0000000705000000, 0x0000000705000000, 0x0000000705200000|  0%| F|  |TAMS 0x0000000705000000, 0x0000000705000000| Untracked 
|  41|0x0000000705200000, 0x0000000705200000, 0x0000000705400000|  0%| F|  |TAMS 0x0000000705200000, 0x0000000705200000| Untracked 
|  42|0x0000000705400000, 0x0000000705400000, 0x0000000705600000|  0%| F|  |TAMS 0x0000000705400000, 0x0000000705400000| Untracked 
|  43|0x0000000705600000, 0x0000000705600000, 0x0000000705800000|  0%| F|  |TAMS 0x0000000705600000, 0x0000000705600000| Untracked 
|  44|0x0000000705800000, 0x0000000705800000, 0x0000000705a00000|  0%| F|  |TAMS 0x0000000705800000, 0x0000000705800000| Untracked 
|  45|0x0000000705a00000, 0x0000000705a00000, 0x0000000705c00000|  0%| F|  |TAMS 0x0000000705a00000, 0x0000000705a00000| Untracked 
|  46|0x0000000705c00000, 0x0000000705c00000, 0x0000000705e00000|  0%| F|  |TAMS 0x0000000705c00000, 0x0000000705c00000| Untracked 
|  47|0x0000000705e00000, 0x0000000705e00000, 0x0000000706000000|  0%| F|  |TAMS 0x0000000705e00000, 0x0000000705e00000| Untracked 
|  48|0x0000000706000000, 0x0000000706000000, 0x0000000706200000|  0%| F|  |TAMS 0x0000000706000000, 0x0000000706000000| Untracked 
|  49|0x0000000706200000, 0x0000000706200000, 0x0000000706400000|  0%| F|  |TAMS 0x0000000706200000, 0x0000000706200000| Untracked 
|  50|0x0000000706400000, 0x0000000706400000, 0x0000000706600000|  0%| F|  |TAMS 0x0000000706400000, 0x0000000706400000| Untracked 
|  51|0x0000000706600000, 0x0000000706600000, 0x0000000706800000|  0%| F|  |TAMS 0x0000000706600000, 0x0000000706600000| Untracked 
|  52|0x0000000706800000, 0x0000000706800000, 0x0000000706a00000|  0%| F|  |TAMS 0x0000000706800000, 0x0000000706800000| Untracked 
|  53|0x0000000706a00000, 0x0000000706a00000, 0x0000000706c00000|  0%| F|  |TAMS 0x0000000706a00000, 0x0000000706a00000| Untracked 
|  54|0x0000000706c00000, 0x0000000706c00000, 0x0000000706e00000|  0%| F|  |TAMS 0x0000000706c00000, 0x0000000706c00000| Untracked 
|  55|0x0000000706e00000, 0x0000000706e00000, 0x0000000707000000|  0%| F|  |TAMS 0x0000000706e00000, 0x0000000706e00000| Untracked 
|  56|0x0000000707000000, 0x0000000707000000, 0x0000000707200000|  0%| F|  |TAMS 0x0000000707000000, 0x0000000707000000| Untracked 
|  57|0x0000000707200000, 0x0000000707200000, 0x0000000707400000|  0%| F|  |TAMS 0x0000000707200000, 0x0000000707200000| Untracked 
|  58|0x0000000707400000, 0x0000000707400000, 0x0000000707600000|  0%| F|  |TAMS 0x0000000707400000, 0x0000000707400000| Untracked 
|  59|0x0000000707600000, 0x0000000707600000, 0x0000000707800000|  0%| F|  |TAMS 0x0000000707600000, 0x0000000707600000| Untracked 
|  60|0x0000000707800000, 0x0000000707800000, 0x0000000707a00000|  0%| F|  |TAMS 0x0000000707800000, 0x0000000707800000| Untracked 
|  61|0x0000000707a00000, 0x0000000707a00000, 0x0000000707c00000|  0%| F|  |TAMS 0x0000000707a00000, 0x0000000707a00000| Untracked 
|  62|0x0000000707c00000, 0x0000000707c00000, 0x0000000707e00000|  0%| F|  |TAMS 0x0000000707c00000, 0x0000000707c00000| Untracked 
|  63|0x0000000707e00000, 0x0000000707e00000, 0x0000000708000000|  0%| F|  |TAMS 0x0000000707e00000, 0x0000000707e00000| Untracked 
|  64|0x0000000708000000, 0x0000000708000000, 0x0000000708200000|  0%| F|  |TAMS 0x0000000708000000, 0x0000000708000000| Untracked 
|  65|0x0000000708200000, 0x0000000708200000, 0x0000000708400000|  0%| F|  |TAMS 0x0000000708200000, 0x0000000708200000| Untracked 
|  66|0x0000000708400000, 0x0000000708400000, 0x0000000708600000|  0%| F|  |TAMS 0x0000000708400000, 0x0000000708400000| Untracked 
|  67|0x0000000708600000, 0x0000000708600000, 0x0000000708800000|  0%| F|  |TAMS 0x0000000708600000, 0x0000000708600000| Untracked 
|  68|0x0000000708800000, 0x0000000708800000, 0x0000000708a00000|  0%| F|  |TAMS 0x0000000708800000, 0x0000000708800000| Untracked 
|  69|0x0000000708a00000, 0x0000000708a00000, 0x0000000708c00000|  0%| F|  |TAMS 0x0000000708a00000, 0x0000000708a00000| Untracked 
|  70|0x0000000708c00000, 0x0000000708c00000, 0x0000000708e00000|  0%| F|  |TAMS 0x0000000708c00000, 0x0000000708c00000| Untracked 
|  71|0x0000000708e00000, 0x0000000708e00000, 0x0000000709000000|  0%| F|  |TAMS 0x0000000708e00000, 0x0000000708e00000| Untracked 
|  72|0x0000000709000000, 0x0000000709000000, 0x0000000709200000|  0%| F|  |TAMS 0x0000000709000000, 0x0000000709000000| Untracked 
|  73|0x0000000709200000, 0x0000000709200000, 0x0000000709400000|  0%| F|  |TAMS 0x0000000709200000, 0x0000000709200000| Untracked 
|  74|0x0000000709400000, 0x0000000709400000, 0x0000000709600000|  0%| F|  |TAMS 0x0000000709400000, 0x0000000709400000| Untracked 
|  75|0x0000000709600000, 0x0000000709600000, 0x0000000709800000|  0%| F|  |TAMS 0x0000000709600000, 0x0000000709600000| Untracked 
|  76|0x0000000709800000, 0x0000000709800000, 0x0000000709a00000|  0%| F|  |TAMS 0x0000000709800000, 0x0000000709800000| Untracked 
|  77|0x0000000709a00000, 0x0000000709a00000, 0x0000000709c00000|  0%| F|  |TAMS 0x0000000709a00000, 0x0000000709a00000| Untracked 
|  78|0x0000000709c00000, 0x0000000709c00000, 0x0000000709e00000|  0%| F|  |TAMS 0x0000000709c00000, 0x0000000709c00000| Untracked 
|  79|0x0000000709e00000, 0x0000000709e00000, 0x000000070a000000|  0%| F|  |TAMS 0x0000000709e00000, 0x0000000709e00000| Untracked 
|  80|0x000000070a000000, 0x000000070a000000, 0x000000070a200000|  0%| F|  |TAMS 0x000000070a000000, 0x000000070a000000| Untracked 
|  81|0x000000070a200000, 0x000000070a200000, 0x000000070a400000|  0%| F|  |TAMS 0x000000070a200000, 0x000000070a200000| Untracked 
|  82|0x000000070a400000, 0x000000070a400000, 0x000000070a600000|  0%| F|  |TAMS 0x000000070a400000, 0x000000070a400000| Untracked 
|  83|0x000000070a600000, 0x000000070a600000, 0x000000070a800000|  0%| F|  |TAMS 0x000000070a600000, 0x000000070a600000| Untracked 
|  84|0x000000070a800000, 0x000000070a800000, 0x000000070aa00000|  0%| F|  |TAMS 0x000000070a800000, 0x000000070a800000| Untracked 
|  85|0x000000070aa00000, 0x000000070aa00000, 0x000000070ac00000|  0%| F|  |TAMS 0x000000070aa00000, 0x000000070aa00000| Untracked 
|  86|0x000000070ac00000, 0x000000070ac00000, 0x000000070ae00000|  0%| F|  |TAMS 0x000000070ac00000, 0x000000070ac00000| Untracked 
|  87|0x000000070ae00000, 0x000000070ae00000, 0x000000070b000000|  0%| F|  |TAMS 0x000000070ae00000, 0x000000070ae00000| Untracked 
|  88|0x000000070b000000, 0x000000070b000000, 0x000000070b200000|  0%| F|  |TAMS 0x000000070b000000, 0x000000070b000000| Untracked 
|  89|0x000000070b200000, 0x000000070b200000, 0x000000070b400000|  0%| F|  |TAMS 0x000000070b200000, 0x000000070b200000| Untracked 
|  90|0x000000070b400000, 0x000000070b400000, 0x000000070b600000|  0%| F|  |TAMS 0x000000070b400000, 0x000000070b400000| Untracked 
|  91|0x000000070b600000, 0x000000070b600000, 0x000000070b800000|  0%| F|  |TAMS 0x000000070b600000, 0x000000070b600000| Untracked 
|  92|0x000000070b800000, 0x000000070b800000, 0x000000070ba00000|  0%| F|  |TAMS 0x000000070b800000, 0x000000070b800000| Untracked 
|  93|0x000000070ba00000, 0x000000070ba00000, 0x000000070bc00000|  0%| F|  |TAMS 0x000000070ba00000, 0x000000070ba00000| Untracked 
|  94|0x000000070bc00000, 0x000000070bc00000, 0x000000070be00000|  0%| F|  |TAMS 0x000000070bc00000, 0x000000070bc00000| Untracked 
|  95|0x000000070be00000, 0x000000070be00000, 0x000000070c000000|  0%| F|  |TAMS 0x000000070be00000, 0x000000070be00000| Untracked 
|  96|0x000000070c000000, 0x000000070c000000, 0x000000070c200000|  0%| F|  |TAMS 0x000000070c000000, 0x000000070c000000| Untracked 
|  97|0x000000070c200000, 0x000000070c200000, 0x000000070c400000|  0%| F|  |TAMS 0x000000070c200000, 0x000000070c200000| Untracked 
|  98|0x000000070c400000, 0x000000070c400000, 0x000000070c600000|  0%| F|  |TAMS 0x000000070c400000, 0x000000070c400000| Untracked 
|  99|0x000000070c600000, 0x000000070c600000, 0x000000070c800000|  0%| F|  |TAMS 0x000000070c600000, 0x000000070c600000| Untracked 
| 100|0x000000070c800000, 0x000000070c800000, 0x000000070ca00000|  0%| F|  |TAMS 0x000000070c800000, 0x000000070c800000| Untracked 
| 101|0x000000070ca00000, 0x000000070ca00000, 0x000000070cc00000|  0%| F|  |TAMS 0x000000070ca00000, 0x000000070ca00000| Untracked 
| 102|0x000000070cc00000, 0x000000070cc00000, 0x000000070ce00000|  0%| F|  |TAMS 0x000000070cc00000, 0x000000070cc00000| Untracked 
| 103|0x000000070ce00000, 0x000000070ce00000, 0x000000070d000000|  0%| F|  |TAMS 0x000000070ce00000, 0x000000070ce00000| Untracked 
| 104|0x000000070d000000, 0x000000070d000000, 0x000000070d200000|  0%| F|  |TAMS 0x000000070d000000, 0x000000070d000000| Untracked 
| 105|0x000000070d200000, 0x000000070d200000, 0x000000070d400000|  0%| F|  |TAMS 0x000000070d200000, 0x000000070d200000| Untracked 
| 106|0x000000070d400000, 0x000000070d400000, 0x000000070d600000|  0%| F|  |TAMS 0x000000070d400000, 0x000000070d400000| Untracked 
| 107|0x000000070d600000, 0x000000070d600000, 0x000000070d800000|  0%| F|  |TAMS 0x000000070d600000, 0x000000070d600000| Untracked 
| 108|0x000000070d800000, 0x000000070d800000, 0x000000070da00000|  0%| F|  |TAMS 0x000000070d800000, 0x000000070d800000| Untracked 
| 109|0x000000070da00000, 0x000000070da00000, 0x000000070dc00000|  0%| F|  |TAMS 0x000000070da00000, 0x000000070da00000| Untracked 
| 110|0x000000070dc00000, 0x000000070dc00000, 0x000000070de00000|  0%| F|  |TAMS 0x000000070dc00000, 0x000000070dc00000| Untracked 
| 111|0x000000070de00000, 0x000000070de00000, 0x000000070e000000|  0%| F|  |TAMS 0x000000070de00000, 0x000000070de00000| Untracked 
| 112|0x000000070e000000, 0x000000070e000000, 0x000000070e200000|  0%| F|  |TAMS 0x000000070e000000, 0x000000070e000000| Untracked 
| 113|0x000000070e200000, 0x000000070e200000, 0x000000070e400000|  0%| F|  |TAMS 0x000000070e200000, 0x000000070e200000| Untracked 
| 114|0x000000070e400000, 0x000000070e400000, 0x000000070e600000|  0%| F|  |TAMS 0x000000070e400000, 0x000000070e400000| Untracked 
| 115|0x000000070e600000, 0x000000070e600000, 0x000000070e800000|  0%| F|  |TAMS 0x000000070e600000, 0x000000070e600000| Untracked 
| 116|0x000000070e800000, 0x000000070e800000, 0x000000070ea00000|  0%| F|  |TAMS 0x000000070e800000, 0x000000070e800000| Untracked 
| 117|0x000000070ea00000, 0x000000070ea00000, 0x000000070ec00000|  0%| F|  |TAMS 0x000000070ea00000, 0x000000070ea00000| Untracked 
| 118|0x000000070ec00000, 0x000000070ec00000, 0x000000070ee00000|  0%| F|  |TAMS 0x000000070ec00000, 0x000000070ec00000| Untracked 
| 119|0x000000070ee00000, 0x000000070ee00000, 0x000000070f000000|  0%| F|  |TAMS 0x000000070ee00000, 0x000000070ee00000| Untracked 
| 120|0x000000070f000000, 0x000000070f000000, 0x000000070f200000|  0%| F|  |TAMS 0x000000070f000000, 0x000000070f000000| Untracked 
| 121|0x000000070f200000, 0x000000070f200000, 0x000000070f400000|  0%| F|  |TAMS 0x000000070f200000, 0x000000070f200000| Untracked 
| 122|0x000000070f400000, 0x000000070f400000, 0x000000070f600000|  0%| F|  |TAMS 0x000000070f400000, 0x000000070f400000| Untracked 
| 123|0x000000070f600000, 0x000000070f600000, 0x000000070f800000|  0%| F|  |TAMS 0x000000070f600000, 0x000000070f600000| Untracked 
| 124|0x000000070f800000, 0x000000070f800000, 0x000000070fa00000|  0%| F|  |TAMS 0x000000070f800000, 0x000000070f800000| Untracked 
| 125|0x000000070fa00000, 0x000000070fa00000, 0x000000070fc00000|  0%| F|  |TAMS 0x000000070fa00000, 0x000000070fa00000| Untracked 
| 126|0x000000070fc00000, 0x000000070fc00000, 0x000000070fe00000|  0%| F|  |TAMS 0x000000070fc00000, 0x000000070fc00000| Untracked 
| 127|0x000000070fe00000, 0x000000070fee14f0, 0x0000000710000000| 44%| E|  |TAMS 0x000000070fe00000, 0x000000070fe00000| Complete 
|1534|0x00000007bfc00000, 0x00000007bfd51000, 0x00000007bfe00000| 65%|OA|  |TAMS 0x00000007bfc00000, 0x00000007bfc00000| Untracked 
|1535|0x00000007bfe00000, 0x00000007bfe79000, 0x00000007c0000000| 23%|CA|  |TAMS 0x00000007bfe00000, 0x00000007bfe00000| Untracked 

Card table byte_map: [0x0000000126f8e000,0x000000012778e000] _byte_map_base: 0x000000012378e000

Marking Bits (Prev, Next): (CMBitMap*) 0x00007fba0e008610, (CMBitMap*) 0x00007fba0e008650
 Prev Bits: [0x0000000127f8e000, 0x000000012bf8e000)
 Next Bits: [0x000000012bf8e000, 0x000000012ff8e000)

Polling page: 0x0000000100744000

Metaspace:

Usage:
  Non-class:      4.00 MB capacity,   139.98 KB (  3%) used,     3.87 MB ( 97%) free+waste,   128 bytes ( <1%) overhead. 
      Class:    386.00 KB capacity,     6.65 KB (  2%) used,   379.23 KB ( 98%) free+waste,   128 bytes ( <1%) overhead. 
       Both:      4.38 MB capacity,   146.62 KB (  3%) used,     4.24 MB ( 97%) free+waste,   256 bytes ( <1%) overhead. 

Virtual space:
  Non-class space:        8.00 MB reserved,       4.25 MB ( 53%) committed 
      Class space:        1.00 GB reserved,     512.00 KB ( <1%) committed 
             Both:        1.01 GB reserved,       4.75 MB ( <1%) committed 

Chunk freelists:
   Non-Class:  0 bytes
       Class:  0 bytes
        Both:  0 bytes

MaxMetaspaceSize: 17179869184.00 GB
CompressedClassSpaceSize: 1.00 GB

CodeHeap 'non-profiled nmethods': size=120028Kb used=13Kb max_used=13Kb free=120014Kb
 bounds [0x000000011f257000, 0x000000011f4c7000, 0x000000012678e000]
CodeHeap 'profiled nmethods': size=120028Kb used=55Kb max_used=55Kb free=119972Kb
 bounds [0x0000000117d20000, 0x0000000117f90000, 0x000000011f257000]
CodeHeap 'non-nmethods': size=5704Kb used=1040Kb max_used=1048Kb free=4663Kb
 bounds [0x000000011778e000, 0x00000001179fe000, 0x0000000117d20000]
 total_blobs=309 nmethods=43 adapters=181
 compilation: enabled
              stopped_count=0, restarted_count=0
 full_count=0

Compilation events (20 events):
Event: 0.054 Thread 0x00007fba0e027a00   32       1       java.lang.module.ModuleDescriptor$Exports::targets (5 bytes)
Event: 0.054 Thread 0x00007fba0e027a00 nmethod 32 0x000000011f259590 code [0x000000011f259720, 0x000000011f2597d0]
Event: 0.055 Thread 0x00007fba0e027a00   34       1       java.util.ImmutableCollections$Set12::isEmpty (2 bytes)
Event: 0.055 Thread 0x00007fba0e027a00 nmethod 34 0x000000011f259890 code [0x000000011f259a20, 0x000000011f259ad0]
Event: 0.056 Thread 0x00007fba0e027a00   35       1       java.lang.module.ModuleDescriptor::isOpen (5 bytes)
Event: 0.056 Thread 0x00007fba0e027a00 nmethod 35 0x000000011f259b90 code [0x000000011f259d20, 0x000000011f259dd0]
Event: 0.056 Thread 0x00007fba0e027a00   36       3       java.util.HashMap::resize (356 bytes)
Event: 0.057 Thread 0x00007fba0e027a00 nmethod 36 0x0000000117d2ab10 code [0x0000000117d2adc0, 0x0000000117d2c300]
Event: 0.057 Thread 0x00007fba0e027a00   37       3       java.util.HashMap::putIfAbsent (13 bytes)
Event: 0.057 Thread 0x00007fba0e027a00 nmethod 37 0x0000000117d2c790 code [0x0000000117d2c940, 0x0000000117d2cc30]
Event: 0.057 Thread 0x00007fba0e027a00   39       3       java.lang.String::equals (50 bytes)
Event: 0.057 Thread 0x00007fba0e027a00 nmethod 39 0x0000000117d2cd90 code [0x0000000117d2cf40, 0x0000000117d2d360]
Event: 0.057 Thread 0x00007fba0e027a00   40       1       java.lang.Module::getDescriptor (5 bytes)
Event: 0.057 Thread 0x00007fba0e027a00 nmethod 40 0x000000011f25a290 code [0x000000011f25a420, 0x000000011f25a4d0]
Event: 0.060 Thread 0x00007fba0e027a00   41       3       java.lang.String::coder (15 bytes)
Event: 0.060 Thread 0x00007fba0e027a00 nmethod 41 0x0000000117d2d490 code [0x0000000117d2d620, 0x0000000117d2d750]
Event: 0.064 Thread 0x00007fba0e027a00   42       3       java.lang.String::isLatin1 (19 bytes)
Event: 0.064 Thread 0x00007fba0e027a00 nmethod 42 0x0000000117d2d810 code [0x0000000117d2d9a0, 0x0000000117d2db10]
Event: 0.064 Thread 0x00007fba0e027a00   43       3       java.lang.String::length (11 bytes)
Event: 0.064 Thread 0x00007fba0e027a00 nmethod 43 0x0000000117d2db90 code [0x0000000117d2dd20, 0x0000000117d2deb0]

GC Heap History (0 events):
No events

Deoptimization events (0 events):
No events

Classes unloaded (0 events):
No events

Classes redefined (0 events):
No events

Internal exceptions (0 events):
No events

Events (20 events):
Event: 0.032 Thread 0x00007fba0d0fd600 Thread added: 0x00007fba0d0fd600
Event: 0.032 Protecting memory [0x0000000305dd3000,0x0000000305dd7000] with protection modes 0
Event: 0.033 Thread 0x00007fba0d0fdc00 Thread added: 0x00007fba0d0fdc00
Event: 0.033 Protecting memory [0x0000000305ed6000,0x0000000305eda000] with protection modes 0
Event: 0.033 Thread 0x00007fba0d0fe200 Thread added: 0x00007fba0d0fe200
Event: 0.033 Protecting memory [0x0000000305fd9000,0x0000000305fdd000] with protection modes 0
Event: 0.033 Thread 0x00007fba0e027a00 Thread added: 0x00007fba0e027a00
Event: 0.033 Protecting memory [0x00000003060dc000,0x00000003060e0000] with protection modes 0
Event: 0.033 Thread 0x00007fba0e027400 Thread added: 0x00007fba0e027400
Event: 0.033 Protecting memory [0x00000003061df000,0x00000003061e3000] with protection modes 0
Event: 0.057 Thread 0x00007fba0e029000 Thread added: 0x00007fba0e029000
Event: 0.057 Protecting memory [0x00000003062e2000,0x00000003062e6000] with protection modes 0
Event: 0.058 loading class jdk/internal/vm/PostVMInitHook
Event: 0.058 loading class jdk/internal/vm/PostVMInitHook done
Event: 0.060 loading class jdk/internal/loader/URLClassPath$FileLoader
Event: 0.060 loading class jdk/internal/loader/URLClassPath$FileLoader done
Event: 0.061 loading class jdk/internal/loader/URLClassPath$FileLoader$1
Event: 0.061 loading class jdk/internal/loader/URLClassPath$FileLoader$1 done
Event: 0.062 Thread 0x00007fba0d809c00 Thread added: 0x00007fba0d809c00
Event: 0.062 Protecting memory [0x00000003064e8000,0x00000003064ec000] with protection modes 0


Dynamic libraries:
0x00007ffdfff1e000 	/Library/Apple/usr/libexec/oah/runtime
0x00007fff2a602000 	/usr/lib/libz.1.dylib
0x00000001089e8000 	/Users/TianyangHuang/Library/Java/JavaVirtualMachines/openjdk-15.0.2/Contents/Home/lib/libjli.dylib
0x00007fff352b4000 	/System/Library/Frameworks/Cocoa.framework/Versions/A/Cocoa
0x00007fff2215c000 	/System/Library/Frameworks/Security.framework/Versions/A/Security
0x00007fff334b1000 	/System/Library/Frameworks/ApplicationServices.framework/Versions/A/ApplicationServices
0x00007fff2a6ce000 	/usr/lib/libSystem.B.dylib
0x00007fff2a6c8000 	/usr/lib/system/libcache.dylib
0x00007fff2a684000 	/usr/lib/system/libcommonCrypto.dylib
0x00007fff2a6ae000 	/usr/lib/system/libcompiler_rt.dylib
0x00007fff2a6a3000 	/usr/lib/system/libcopyfile.dylib
0x00007fff200fa000 	/usr/lib/system/libcorecrypto.dylib
0x00007fff201c7000 	/usr/lib/system/libdispatch.dylib
0x00007fff2037c000 	/usr/lib/system/libdyld.dylib
0x00007fff2a6bf000 	/usr/lib/system/libkeymgr.dylib
0x00007fff2dc63000 	/usr/lib/system/liblaunch.dylib
0x00007fff2a662000 	/usr/lib/system/libmacho.dylib
0x00007fff29e77000 	/usr/lib/system/libquarantine.dylib
0x00007fff2a6bc000 	/usr/lib/system/libremovefile.dylib
0x00007fff24af3000 	/usr/lib/system/libsystem_asl.dylib
0x00007fff200aa000 	/usr/lib/system/libsystem_blocks.dylib
0x00007fff20249000 	/usr/lib/system/libsystem_c.dylib
0x00007fff2a6b6000 	/usr/lib/system/libsystem_collections.dylib
0x00007fff29264000 	/usr/lib/system/libsystem_configuration.dylib
0x00007fff28553000 	/usr/lib/system/libsystem_containermanager.dylib
0x00007fff2a3fa000 	/usr/lib/system/libsystem_coreservices.dylib
0x00007fff22710000 	/usr/lib/system/libsystem_darwin.dylib
0x00007fff2a6c0000 	/usr/lib/system/libsystem_dnssd.dylib
0x00007fff20246000 	/usr/lib/system/libsystem_featureflags.dylib
0x00007fff203c1000 	/usr/lib/system/libsystem_info.dylib
0x00007fff2a615000 	/usr/lib/system/libsystem_m.dylib
0x00007fff2019a000 	/usr/lib/system/libsystem_malloc.dylib
0x00007fff24a87000 	/usr/lib/system/libsystem_networkextension.dylib
0x00007fff22b2b000 	/usr/lib/system/libsystem_notify.dylib
0x00007fff30117000 	/usr/lib/system/libsystem_product_info_filter.dylib
0x00007fff29268000 	/usr/lib/system/libsystem_sandbox.dylib
0x00007fff2a6b9000 	/usr/lib/system/libsystem_secinit.dylib
0x00007fff20341000 	/usr/lib/system/libsystem_kernel.dylib
0x00007fff203b7000 	/usr/lib/system/libsystem_platform.dylib
0x00007fff20370000 	/usr/lib/system/libsystem_pthread.dylib
0x00007fff26221000 	/usr/lib/system/libsystem_symptoms.dylib
0x00007fff200e2000 	/usr/lib/system/libsystem_trace.dylib
0x00007fff2a690000 	/usr/lib/system/libunwind.dylib
0x00007fff200ac000 	/usr/lib/system/libxpc.dylib
0x00007fff20328000 	/usr/lib/libc++abi.dylib
0x00007fff2020c000 	/usr/lib/libobjc.A.dylib
0x00007fff2a69b000 	/usr/lib/liboah.dylib
0x00007fff202d2000 	/usr/lib/libc++.1.dylib
0x00007fff203ed000 	/System/Library/Frameworks/CoreFoundation.framework/Versions/A/CoreFoundation
0x00007fff210cf000 	/System/Library/Frameworks/Foundation.framework/Versions/C/Foundation
0x00007fff22b83000 	/System/Library/Frameworks/AppKit.framework/Versions/C/AppKit
0x00007fff25a41000 	/System/Library/Frameworks/CoreData.framework/Versions/A/CoreData
0x00007fff238e6000 	/System/Library/PrivateFrameworks/UIFoundation.framework/Versions/A/UIFoundation
0x00007fff2fe90000 	/System/Library/PrivateFrameworks/RemoteViewServices.framework/Versions/A/RemoteViewServices
0x00007fff28c1d000 	/System/Library/PrivateFrameworks/XCTTargetBootstrap.framework/Versions/A/XCTTargetBootstrap
0x00007fff2b96c000 	/usr/lib/libspindump.dylib
0x00007fff23b3b000 	/System/Library/Frameworks/UniformTypeIdentifiers.framework/Versions/A/UniformTypeIdentifiers
0x00007fff273f3000 	/usr/lib/libapp_launch_measurement.dylib
0x00007fff273f6000 	/System/Library/PrivateFrameworks/CoreAutoLayout.framework/Versions/A/CoreAutoLayout
0x00007fff2857f000 	/System/Library/Frameworks/Metal.framework/Versions/A/Metal
0x00007fff29273000 	/usr/lib/liblangid.dylib
0x00007fff28c21000 	/System/Library/PrivateFrameworks/CoreSVG.framework/Versions/A/CoreSVG
0x00007fff24b22000 	/System/Library/PrivateFrameworks/SkyLight.framework/Versions/A/SkyLight
0x00007fff24e89000 	/System/Library/Frameworks/CoreGraphics.framework/Versions/A/CoreGraphics
0x00007fff304e7000 	/System/Library/Frameworks/Accelerate.framework/Versions/A/Accelerate
0x00007fff2b3a7000 	/System/Library/PrivateFrameworks/IconServices.framework/Versions/A/IconServices
0x00007fff28564000 	/System/Library/Frameworks/IOSurface.framework/Versions/A/IOSurface
0x00007fff263d3000 	/usr/lib/libDiagnosticMessagesClient.dylib
0x00007fff28c09000 	/System/Library/PrivateFrameworks/DFRFoundation.framework/Versions/A/DFRFoundation
0x00007fff224ae000 	/usr/lib/libicucore.A.dylib
0x00007fff2ceb1000 	/System/Library/Frameworks/AudioToolbox.framework/Versions/A/AudioToolbox
0x00007fff2c156000 	/System/Library/PrivateFrameworks/DataDetectorsCore.framework/Versions/A/DataDetectorsCore
0x00007fff28909000 	/System/Library/Frameworks/Carbon.framework/Versions/A/Frameworks/HIToolbox.framework/Versions/A/HIToolbox
0x00007fff26e4e000 	/System/Library/Frameworks/QuartzCore.framework/Versions/A/QuartzCore
0x00007fff2fecc000 	/System/Library/Frameworks/Carbon.framework/Versions/A/Frameworks/SpeechRecognition.framework/Versions/A/SpeechRecognition
0x00007fff2715b000 	/System/Library/PrivateFrameworks/CoreUI.framework/Versions/A/CoreUI
0x00007fff21ab7000 	/System/Library/Frameworks/CoreAudio.framework/Versions/A/CoreAudio
0x00007fff264be000 	/System/Library/Frameworks/DiskArbitration.framework/Versions/A/DiskArbitration
0x00007fff2bd66000 	/System/Library/PrivateFrameworks/MultitouchSupport.framework/Versions/A/MultitouchSupport
0x00007fff2c14d000 	/System/Library/PrivateFrameworks/InternationalSupport.framework/Versions/A/InternationalSupport
0x00007fff24a96000 	/usr/lib/libenergytrace.dylib
0x00007fff22a7c000 	/System/Library/Frameworks/IOKit.framework/Versions/A/IOKit
0x00007fff30219000 	/System/Library/Frameworks/CoreServices.framework/Versions/A/CoreServices
0x00007fff27389000 	/System/Library/PrivateFrameworks/PerformanceAnalysis.framework/Versions/A/PerformanceAnalysis
0x00007fff6cb8f000 	/System/Library/Frameworks/OpenGL.framework/Versions/A/OpenGL
0x00007fff2c1d2000 	/System/Library/PrivateFrameworks/UserActivity.framework/Versions/A/UserActivity
0x00007fff25543000 	/System/Library/Frameworks/ColorSync.framework/Versions/A/ColorSync
0x00007fff28e8a000 	/System/Library/Frameworks/CoreImage.framework/Versions/A/CoreImage
0x00007fff218ce000 	/System/Library/Frameworks/CoreText.framework/Versions/A/CoreText
0x00007fff28c4b000 	/System/Library/Frameworks/ImageIO.framework/Versions/A/ImageIO
0x00007fff2a6d4000 	/System/Library/PrivateFrameworks/SoftLinking.framework/Versions/A/SoftLinking
0x00007fff2743f000 	/usr/lib/libxml2.2.dylib
0x00007fff2a946000 	/usr/lib/libcompression.dylib
0x00007fff24a97000 	/usr/lib/libMobileGestalt.dylib
0x00007fff2c080000 	/System/Library/PrivateFrameworks/TextureIO.framework/Versions/A/TextureIO
0x00007fff2b034000 	/usr/lib/libate.dylib
0x00007fff2ad5f000 	/usr/lib/liblzma.5.dylib
0x00007fff20de3000 	/System/Library/Frameworks/SystemConfiguration.framework/Versions/A/SystemConfiguration
0x00007fff2a6d0000 	/usr/lib/libfakelink.dylib
0x00007fff245e9000 	/System/Library/Frameworks/CFNetwork.framework/Versions/A/CFNetwork
0x00007fff2a810000 	/usr/lib/libarchive.2.dylib
0x00007fff20e61000 	/usr/lib/libCRFSuite.dylib
0x00007fff29e9e000 	/usr/lib/libbsm.0.dylib
0x00007fff23fa5000 	/usr/lib/libnetwork.dylib
0x00007fff2a6d5000 	/usr/lib/libpcap.A.dylib
0x00007fff2621a000 	/usr/lib/libdns_services.dylib
0x00007fff2ad78000 	/usr/lib/libcoretls_cfhelpers.dylib
0x00007fff2a914000 	/usr/lib/libapple_nghttp2.dylib
0x00007fff2a668000 	/usr/lib/system/libkxld.dylib
0x00007fff25e88000 	/usr/lib/libsqlite3.dylib
0x00007fff2a3dc000 	/System/Library/PrivateFrameworks/AppleFSCompression.framework/Versions/A/AppleFSCompression
0x00007fff29e86000 	/usr/lib/libcoretls.dylib
0x00007fff2a941000 	/usr/lib/libpam.2.dylib
0x00007fff2ae75000 	/usr/lib/libxar.1.dylib
0x00007fff2926f000 	/System/Library/PrivateFrameworks/AppleSystemInfo.framework/Versions/A/AppleSystemInfo
0x00007fff29ac9000 	/System/Library/PrivateFrameworks/IOMobileFramebuffer.framework/Versions/A/IOMobileFramebuffer
0x00007fff2a3ec000 	/usr/lib/libbz2.1.0.dylib
0x00007fff2a70d000 	/usr/lib/libiconv.2.dylib
0x00007fff2a661000 	/usr/lib/libcharset.1.dylib
0x00007fff273c5000 	/System/Library/Frameworks/CoreServices.framework/Versions/A/Frameworks/FSEvents.framework/Versions/A/FSEvents
0x00007fff2271a000 	/System/Library/Frameworks/CoreServices.framework/Versions/A/Frameworks/CarbonCore.framework/Versions/A/CarbonCore
0x00007fff26423000 	/System/Library/Frameworks/CoreServices.framework/Versions/A/Frameworks/Metadata.framework/Versions/A/Metadata
0x00007fff2a3ff000 	/System/Library/Frameworks/CoreServices.framework/Versions/A/Frameworks/OSServices.framework/Versions/A/OSServices
0x00007fff2a882000 	/System/Library/Frameworks/CoreServices.framework/Versions/A/Frameworks/SearchKit.framework/Versions/A/SearchKit
0x00007fff261a4000 	/System/Library/Frameworks/CoreServices.framework/Versions/A/Frameworks/AE.framework/Versions/A/AE
0x00007fff20889000 	/System/Library/Frameworks/CoreServices.framework/Versions/A/Frameworks/LaunchServices.framework/Versions/A/LaunchServices
0x00007fff2ad10000 	/System/Library/Frameworks/CoreServices.framework/Versions/A/Frameworks/DictionaryServices.framework/Versions/A/DictionaryServices
0x00007fff273ce000 	/System/Library/Frameworks/CoreServices.framework/Versions/A/Frameworks/SharedFileList.framework/Versions/A/SharedFileList
0x00007fff29e7a000 	/usr/lib/libCheckFix.dylib
0x00007fff24b0a000 	/System/Library/PrivateFrameworks/TCC.framework/Versions/A/TCC
0x00007fff29275000 	/System/Library/PrivateFrameworks/CoreNLP.framework/Versions/A/CoreNLP
0x00007fff263d6000 	/System/Library/PrivateFrameworks/MetadataUtilities.framework/Versions/A/MetadataUtilities
0x00007fff20e97000 	/usr/lib/libmecabra.dylib
0x00007fff2a18e000 	/System/Library/Frameworks/MLCompute.framework/Versions/A/MLCompute
0x00007fff29eaf000 	/usr/lib/libmecab.dylib
0x00007fff29ef9000 	/usr/lib/libgermantok.dylib
0x00007fff2a8ea000 	/usr/lib/libThaiTokenizer.dylib
0x00007fff2aeb0000 	/usr/lib/libChineseTokenizer.dylib
0x00007fff2a93f000 	/System/Library/Frameworks/MetalPerformanceShaders.framework/Versions/A/MetalPerformanceShaders
0x00007fff264c5000 	/System/Library/Frameworks/Accelerate.framework/Versions/A/Frameworks/vImage.framework/Versions/A/vImage
0x00007fff301f2000 	/System/Library/Frameworks/Accelerate.framework/Versions/A/Frameworks/vecLib.framework/Versions/A/vecLib
0x00007fff2aebb000 	/System/Library/Frameworks/Accelerate.framework/Versions/A/Frameworks/vecLib.framework/Versions/A/libvMisc.dylib
0x00007fff29925000 	/System/Library/Frameworks/Accelerate.framework/Versions/A/Frameworks/vecLib.framework/Versions/A/libvDSP.dylib
0x00007fff20b8d000 	/System/Library/Frameworks/Accelerate.framework/Versions/A/Frameworks/vecLib.framework/Versions/A/libBLAS.dylib
0x00007fff2a965000 	/System/Library/Frameworks/Accelerate.framework/Versions/A/Frameworks/vecLib.framework/Versions/A/libLAPACK.dylib
0x00007fff29eff000 	/System/Library/Frameworks/Accelerate.framework/Versions/A/Frameworks/vecLib.framework/Versions/A/libLinearAlgebra.dylib
0x00007fff2a92c000 	/System/Library/Frameworks/Accelerate.framework/Versions/A/Frameworks/vecLib.framework/Versions/A/libSparseBLAS.dylib
0x00007fff2a95f000 	/System/Library/Frameworks/Accelerate.framework/Versions/A/Frameworks/vecLib.framework/Versions/A/libQuadrature.dylib
0x00007fff2931d000 	/System/Library/Frameworks/Accelerate.framework/Versions/A/Frameworks/vecLib.framework/Versions/A/libBNNS.dylib
0x00007fff20d74000 	/System/Library/Frameworks/Accelerate.framework/Versions/A/Frameworks/vecLib.framework/Versions/A/libSparse.dylib
0x00007fff29208000 	/System/Library/Frameworks/MetalPerformanceShaders.framework/Versions/A/Frameworks/MPSCore.framework/Versions/A/MPSCore
0x00007fff2a34b000 	/System/Library/Frameworks/MetalPerformanceShaders.framework/Versions/A/Frameworks/MPSImage.framework/Versions/A/MPSImage
0x00007fff29f16000 	/System/Library/Frameworks/MetalPerformanceShaders.framework/Versions/A/Frameworks/MPSNeuralNetwork.framework/Versions/A/MPSNeuralNetwork
0x00007fff2a2d6000 	/System/Library/Frameworks/MetalPerformanceShaders.framework/Versions/A/Frameworks/MPSMatrix.framework/Versions/A/MPSMatrix
0x00007fff2a13e000 	/System/Library/Frameworks/MetalPerformanceShaders.framework/Versions/A/Frameworks/MPSRayIntersector.framework/Versions/A/MPSRayIntersector
0x00007fff2a30d000 	/System/Library/Frameworks/MetalPerformanceShaders.framework/Versions/A/Frameworks/MPSNDArray.framework/Versions/A/MPSNDArray
0x00007fff20ab9000 	/System/Library/PrivateFrameworks/MetalTools.framework/Versions/A/MetalTools
0x00007fff2926d000 	/System/Library/PrivateFrameworks/AggregateDictionary.framework/Versions/A/AggregateDictionary
0x00007fff263ae000 	/System/Library/PrivateFrameworks/CoreAnalytics.framework/Versions/A/CoreAnalytics
0x00007fff2a8ec000 	/System/Library/PrivateFrameworks/AppleSauce.framework/Versions/A/AppleSauce
0x00007fff28576000 	/System/Library/PrivateFrameworks/IOAccelerator.framework/Versions/A/IOAccelerator
0x00007fff6cb83000 	/System/Library/Frameworks/OpenGL.framework/Versions/A/Libraries/libCoreFSCache.dylib
0x00007fff21433000 	/System/Library/PrivateFrameworks/LanguageModeling.framework/Versions/A/LanguageModeling
0x00007fff29ab6000 	/System/Library/PrivateFrameworks/CoreEmoji.framework/Versions/A/CoreEmoji
0x00007fff29316000 	/System/Library/PrivateFrameworks/LinguisticData.framework/Versions/A/LinguisticData
0x00007fff20d26000 	/System/Library/PrivateFrameworks/Lexicon.framework/Versions/A/Lexicon
0x00007fff2a7fe000 	/usr/lib/libcmph.dylib
0x00007fff273a5000 	/System/Library/Frameworks/OpenDirectory.framework/Versions/A/Frameworks/CFOpenDirectory.framework/Versions/A/CFOpenDirectory
0x00007fff27395000 	/System/Library/Frameworks/OpenDirectory.framework/Versions/A/OpenDirectory
0x00007fff2ad7a000 	/System/Library/PrivateFrameworks/APFS.framework/Versions/A/APFS
0x00007fff29ddb000 	/System/Library/Frameworks/SecurityFoundation.framework/Versions/A/SecurityFoundation
0x00007fff2ae83000 	/usr/lib/libutil.dylib
0x00007fff22a41000 	/System/Library/PrivateFrameworks/CoreServicesStore.framework/Versions/A/CoreServicesStore
0x00007fff29e72000 	/System/Library/Frameworks/ServiceManagement.framework/Versions/A/ServiceManagement
0x00007fff2ae87000 	/usr/lib/libxslt.1.dylib
0x00007fff29e68000 	/System/Library/PrivateFrameworks/BackgroundTaskManagement.framework/Versions/A/BackgroundTaskManagement
0x00007fff2bfcb000 	/System/Library/Frameworks/ImageIO.framework/Versions/A/Resources/libRadiance.dylib
0x00007fff2bfd4000 	/System/Library/Frameworks/ImageIO.framework/Versions/A/Resources/libJPEG.dylib
0x00007fff2bf20000 	/System/Library/Frameworks/ImageIO.framework/Versions/A/Resources/libPng.dylib
0x00007fff2bf47000 	/System/Library/Frameworks/ImageIO.framework/Versions/A/Resources/libTIFF.dylib
0x00007fff2c029000 	/System/Library/Frameworks/ImageIO.framework/Versions/A/Resources/libGIF.dylib
0x00007fff2bc84000 	/System/Library/Frameworks/ImageIO.framework/Versions/A/Resources/libJP2.dylib
0x00007fff2b36e000 	/usr/lib/libexpat.1.dylib
0x00007fff2bc39000 	/System/Library/PrivateFrameworks/AppleJPEG.framework/Versions/A/AppleJPEG
0x00007fff287ac000 	/System/Library/PrivateFrameworks/FontServices.framework/libFontParser.dylib
0x00007fff26158000 	/System/Library/PrivateFrameworks/RunningBoardServices.framework/Versions/A/RunningBoardServices
0x00007fff2bd62000 	/System/Library/PrivateFrameworks/WatchdogClient.framework/Versions/A/WatchdogClient
0x00007fff21520000 	/System/Library/Frameworks/CoreDisplay.framework/Versions/A/CoreDisplay
0x00007fff286c2000 	/System/Library/Frameworks/CoreMedia.framework/Versions/A/CoreMedia
0x00007fff27522000 	/System/Library/Frameworks/CoreVideo.framework/Versions/A/CoreVideo
0x00007fff2bd9a000 	/System/Library/Frameworks/VideoToolbox.framework/Versions/A/VideoToolbox
0x00007fff260d6000 	/System/Library/PrivateFrameworks/BaseBoard.framework/Versions/A/BaseBoard
0x00007fff2b4b3000 	/System/Library/PrivateFrameworks/PersistentConnection.framework/Versions/A/PersistentConnection
0x00007fff25e71000 	/System/Library/PrivateFrameworks/ProtocolBuffer.framework/Versions/A/ProtocolBuffer
0x00007fff260bd000 	/System/Library/PrivateFrameworks/CommonUtilities.framework/Versions/A/CommonUtilities
0x00007fff2bbce000 	/System/Library/PrivateFrameworks/Bom.framework/Versions/A/Bom
0x00007fff2bfc4000 	/System/Library/PrivateFrameworks/GPUWrangler.framework/Versions/A/GPUWrangler
0x00007fff2bfa7000 	/System/Library/PrivateFrameworks/IOPresentment.framework/Versions/A/IOPresentment
0x00007fff2bfce000 	/System/Library/PrivateFrameworks/DSExternalDisplay.framework/Versions/A/DSExternalDisplay
0x00007fff2c02e000 	/System/Library/PrivateFrameworks/CMCaptureCore.framework/Versions/A/CMCaptureCore
0x00007fff2b953000 	/System/Library/PrivateFrameworks/AppServerSupport.framework/Versions/A/AppServerSupport
0x00007fff2da02000 	/System/Library/PrivateFrameworks/perfdata.framework/Versions/A/perfdata
0x00007fff29dca000 	/System/Library/PrivateFrameworks/AssertionServices.framework/Versions/A/AssertionServices
0x00007fff21657000 	/System/Library/PrivateFrameworks/AudioToolboxCore.framework/Versions/A/AudioToolboxCore
0x00007fff286a5000 	/System/Library/PrivateFrameworks/caulk.framework/Versions/A/caulk
0x00007fff3d6ad000 	/System/Library/PrivateFrameworks/SystemPolicy.framework/Versions/A/SystemPolicy
0x00007fff2b163000 	/usr/lib/libIOReport.dylib
0x00007fff2d224000 	/usr/lib/libSMC.dylib
0x00007fff2beed000 	/usr/lib/libAudioToolboxUtility.dylib
0x00007fff3e017000 	/usr/lib/libmis.dylib
0x00007fff6cbdf000 	/System/Library/Frameworks/OpenGL.framework/Versions/A/Libraries/libGLU.dylib
0x00007fff6cba2000 	/System/Library/Frameworks/OpenGL.framework/Versions/A/Libraries/libGFXShared.dylib
0x00007fff6cdb1000 	/System/Library/Frameworks/OpenGL.framework/Versions/A/Libraries/libGL.dylib
0x00007fff6cbab000 	/System/Library/Frameworks/OpenGL.framework/Versions/A/Libraries/libGLImage.dylib
0x00007fff6cb9f000 	/System/Library/Frameworks/OpenGL.framework/Versions/A/Libraries/libCVMSPluginSupport.dylib
0x00007fff6cb8a000 	/System/Library/Frameworks/OpenGL.framework/Versions/A/Libraries/libCoreVMClient.dylib
0x00007fff6e1f2000 	/System/Library/Frameworks/OpenCL.framework/Versions/A/OpenCL
0x00007fff2b4dd000 	/System/Library/PrivateFrameworks/GraphVisualizer.framework/Versions/A/GraphVisualizer
0x00007fff2b4ec000 	/System/Library/PrivateFrameworks/FaceCore.framework/Versions/A/FaceCore
0x00007fff2b908000 	/System/Library/PrivateFrameworks/OTSVG.framework/Versions/A/OTSVG
0x00007fff27119000 	/System/Library/Frameworks/ApplicationServices.framework/Versions/A/Frameworks/ATS.framework/Versions/A/Resources/libFontRegistry.dylib
0x00007fff2b95a000 	/System/Library/PrivateFrameworks/FontServices.framework/libhvf.dylib
0x00007fff2b31a000 	/System/Library/PrivateFrameworks/AppleVA.framework/Versions/A/AppleVA
0x00007fff2d06d000 	/System/Library/Frameworks/ApplicationServices.framework/Versions/A/Frameworks/ATS.framework/Versions/A/ATS
0x00007fff2d37f000 	/System/Library/Frameworks/ApplicationServices.framework/Versions/A/Frameworks/ColorSyncLegacy.framework/Versions/A/ColorSyncLegacy
0x00007fff2563a000 	/System/Library/Frameworks/ApplicationServices.framework/Versions/A/Frameworks/HIServices.framework/Versions/A/HIServices
0x00007fff2d364000 	/System/Library/Frameworks/ApplicationServices.framework/Versions/A/Frameworks/LangAnalysis.framework/Versions/A/LangAnalysis
0x00007fff2c038000 	/System/Library/Frameworks/ApplicationServices.framework/Versions/A/Frameworks/PrintCore.framework/Versions/A/PrintCore
0x00007fff2d387000 	/System/Library/Frameworks/ApplicationServices.framework/Versions/A/Frameworks/QD.framework/Versions/A/QD
0x00007fff2d05d000 	/System/Library/Frameworks/ApplicationServices.framework/Versions/A/Frameworks/SpeechSynthesis.framework/Versions/A/SpeechSynthesis
0x00007fff2bff9000 	/System/Library/Frameworks/ApplicationServices.framework/Versions/A/Frameworks/ATSUI.framework/Versions/A/ATSUI
0x00007fff2d304000 	/usr/lib/libcups.2.dylib
0x00007fff2d374000 	/System/Library/PrivateFrameworks/NetAuth.framework/Versions/A/NetAuth
0x00007fff2da1e000 	/System/Library/Frameworks/Kerberos.framework/Versions/A/Kerberos
0x00007fff2da2e000 	/System/Library/Frameworks/GSS.framework/Versions/A/GSS
0x00007fff2d0d9000 	/usr/lib/libresolv.9.dylib
0x00007fff2b96f000 	/System/Library/PrivateFrameworks/Heimdal.framework/Versions/A/Heimdal
0x00007fff337b2000 	/System/Library/Frameworks/Kerberos.framework/Versions/A/Libraries/libHeimdalProxy.dylib
0x00007fff26229000 	/System/Library/Frameworks/Network.framework/Versions/A/Network
0x00007fff2b388000 	/usr/lib/libheimdal-asn1.dylib
0x00007fff2da7e000 	/System/Library/PrivateFrameworks/CommonAuth.framework/Versions/A/CommonAuth
0x00007fff2756f000 	/System/Library/PrivateFrameworks/login.framework/Versions/A/Frameworks/loginsupport.framework/Versions/A/loginsupport
0x00007fff2cfe2000 	/System/Library/PrivateFrameworks/AudioSession.framework/Versions/A/AudioSession
0x00007fff2d04a000 	/usr/lib/libAudioStatistics.dylib
0x00007fff2b415000 	/System/Library/PrivateFrameworks/MediaExperience.framework/Versions/A/MediaExperience
0x00007fff2ce7f000 	/System/Library/PrivateFrameworks/AudioSession.framework/libSessionUtility.dylib
0x00007fff2da0f000 	/usr/lib/libperfcheck.dylib
0x00007fff2d393000 	/System/Library/PrivateFrameworks/AudioResourceArbitration.framework/Versions/A/AudioResourceArbitration
0x00007fff2b392000 	/System/Library/PrivateFrameworks/IconFoundation.framework/Versions/A/IconFoundation
0x00007fff2febc000 	/System/Library/PrivateFrameworks/SpeechRecognitionCore.framework/Versions/A/SpeechRecognitionCore
0x00007fff5dfdd000 	/System/Library/CoreServices/Encodings/libSimplifiedChineseConverter.dylib
0x000000010d000000 	/Users/TianyangHuang/Library/Java/JavaVirtualMachines/openjdk-15.0.2/Contents/Home/lib/server/libjvm.dylib
0x0000000108a70000 	/Users/TianyangHuang/Library/Java/JavaVirtualMachines/openjdk-15.0.2/Contents/Home/lib/libjimage.dylib
0x0000000108ad2000 	/Users/TianyangHuang/Library/Java/JavaVirtualMachines/openjdk-15.0.2/Contents/Home/lib/libjava.dylib


VM Arguments:
jvm_args: -Dfile.encoding=UTF-8 -XX:+ShowCodeDetailsInExceptionMessages 
java_command: O
java_class_path (initial): /Users/TianyangHuang/eclipse-workspace/td6/bin:/Users/TianyangHuang/eclipse-workspace/LIB/TC.jar
Launcher Type: SUN_STANDARD

[Global flags]
     intx CICompilerCount                          = 4                                         {product} {ergonomic}
     uint ConcGCThreads                            = 2                                         {product} {ergonomic}
     uint G1ConcRefinementThreads                  = 8                                         {product} {ergonomic}
   size_t G1HeapRegionSize                         = 2097152                                   {product} {ergonomic}
    uintx GCDrainStackTargetSize                   = 64                                        {product} {ergonomic}
   size_t InitialHeapSize                          = 268435456                                 {product} {ergonomic}
   size_t MarkStackSize                            = 4194304                                   {product} {ergonomic}
   size_t MaxHeapSize                              = 4294967296                                {product} {ergonomic}
   size_t MaxNewSize                               = 2575302656                                {product} {ergonomic}
   size_t MinHeapDeltaBytes                        = 2097152                                   {product} {ergonomic}
   size_t MinHeapSize                              = 8388608                                   {product} {ergonomic}
    uintx NonNMethodCodeHeapSize                   = 5839372                                {pd product} {ergonomic}
    uintx NonProfiledCodeHeapSize                  = 122909434                              {pd product} {ergonomic}
    uintx ProfiledCodeHeapSize                     = 122909434                              {pd product} {ergonomic}
    uintx ReservedCodeCacheSize                    = 251658240                              {pd product} {ergonomic}
     bool SegmentedCodeCache                       = true                                      {product} {ergonomic}
     bool ShowCodeDetailsInExceptionMessages       = true                                   {manageable} {command line}
   size_t SoftMaxHeapSize                          = 4294967296                             {manageable} {ergonomic}
     bool UseCompressedClassPointers               = true                                 {lp64_product} {ergonomic}
     bool UseCompressedOops                        = true                                 {lp64_product} {ergonomic}
     bool UseG1GC                                  = true                                      {product} {ergonomic}
     bool UseNUMA                                  = false                                     {product} {ergonomic}
     bool UseNUMAInterleaving                      = false                                     {product} {ergonomic}

Logging:
Log output configuration:
 #0: stdout all=warning uptime,level,tags
 #1: stderr all=off uptime,level,tags

Environment Variables:
PATH=/usr/bin:/bin:/usr/sbin:/sbin
SHELL=/bin/zsh

Signal Handlers:
SIGSEGV: [libjvm.dylib+0xa01020], sa_mask[0]=11111111111111111111111111111111, sa_flags=SA_ONSTACK|SA_RESTART|SA_SIGINFO
SIGBUS: [libjvm.dylib+0xa01020], sa_mask[0]=11111111111111111111111111111111, sa_flags=SA_RESTART|SA_SIGINFO
SIGFPE: [libjvm.dylib+0xa01020], sa_mask[0]=11111111111111111111111111111111, sa_flags=SA_RESTART|SA_SIGINFO
SIGPIPE: [libjvm.dylib+0x82c500], sa_mask[0]=11111111111111111111111111111111, sa_flags=SA_RESTART|SA_SIGINFO
SIGXFSZ: [libjvm.dylib+0x82c500], sa_mask[0]=11111111111111111111111111111111, sa_flags=SA_RESTART|SA_SIGINFO
SIGILL: [libjvm.dylib+0xa01020], sa_mask[0]=11111111111111111111111111111111, sa_flags=SA_RESTART|SA_SIGINFO
SIGUSR2: [libjvm.dylib+0x82d010], sa_mask[0]=00100000000000000000000000000000, sa_flags=SA_RESTART|SA_SIGINFO
SIGHUP: [libjvm.dylib+0x82b710], sa_mask[0]=11111111111111111111111111111111, sa_flags=SA_RESTART|SA_SIGINFO
SIGINT: [libjvm.dylib+0x82b710], sa_mask[0]=11111111111111111111111111111111, sa_flags=SA_RESTART|SA_SIGINFO
SIGTERM: [libjvm.dylib+0x82b710], sa_mask[0]=11111111111111111111111111111111, sa_flags=SA_RESTART|SA_SIGINFO
SIGQUIT: [libjvm.dylib+0x82b710], sa_mask[0]=11111111111111111111111111111111, sa_flags=SA_RESTART|SA_SIGINFO


---------------  S Y S T E M  ---------------

OS:uname: Darwin 20.3.0 Darwin Kernel Version 20.3.0: Thu Jan 21 00:06:51 PST 2021; root:xnu-7195.81.3~1/RELEASE_ARM64_T8101 x86_64
OS uptime: 0 days 1:50 hours
rlimit (soft/hard): STACK 8176k/65520k , CORE 0k/infinity , NPROC 2666/4000 , NOFILE 10240/infinity , AS infinity/infinity , CPU infinity/infinity , DATA infinity/infinity , FSIZE infinity/infinity , MEMLOCK infinity/infinity , RSS infinity/infinity
load average: 1.01 1.08 1.08

CPU: total 8 (initial active 8) (1 cores per cpu, 1 threads per core) family 6 model 44 stepping 0 microcode 0x0, cmov, cx8, fxsr, mmx, sse, sse2, sse3, ssse3, sse4.1, sse4.2, popcnt, aes, clmul, tsc, tscinvbit, tscinv, clflush

Memory: 4k page, physical 16777216k(732212k free), swap 0k(0k free)

vm_info: OpenJDK 64-Bit Server VM (15.0.2+7-27) for bsd-amd64 JRE (15.0.2+7-27), built on Dec  7 2020 20:01:12 by "mach5one" with clang 4.2.1 Compatible Apple LLVM 10.0.0 (clang-1000.11.45.5)

END.
